<?xml version="1.0" encoding="UTF-8"?>
<testng-results total="2" passed="2" failed="0" skipped="0">
  <reporter-output>
  </reporter-output>
  <suite started-at="2023-09-05T14:31:45Z" name="Suite" finished-at="2023-09-05T14:33:14Z" duration-ms="89082">
    <groups>
    </groups>
    <test started-at="2023-09-05T14:31:45Z" name="Test" finished-at="2023-09-05T14:33:14Z" duration-ms="89082">
      <class name="testPackage.Sel2">
        <test-method signature="execute()[pri:0, instance:testPackage.Sel2@26d9b808]" started-at="2023-09-05T20:01:45Z" name="execute" finished-at="2023-09-05T20:01:59Z" duration-ms="14342" status="PASS">
          <reporter-output>
          </reporter-output>
        </test-method> <!-- execute -->
      </class> <!-- testPackage.Sel2 -->
      <class name="testPackage.Grid">
        <test-method signature="gridTest()[pri:0, instance:testPackage.Grid@1ed4ae0f]" started-at="2023-09-05T20:01:59Z" name="gridTest" finished-at="2023-09-05T20:03:14Z" duration-ms="74677" status="PASS">
          <reporter-output>
          </reporter-output>
        </test-method> <!-- gridTest -->
      </class> <!-- testPackage.Grid -->
    </test> <!-- Test -->
  </suite> <!-- Suite -->
</testng-results>
