<?xml version="1.0" encoding="UTF-8"?>
<testng-results ignored="0" total="1" passed="1" failed="0" skipped="0">
  <reporter-output>
  </reporter-output>
  <suite started-at="2023-09-04T20:37:00 IST" name="Suite" finished-at="2023-09-04T20:37:07 IST" duration-ms="6878">
    <groups>
    </groups>
    <test started-at="2023-09-04T20:37:00 IST" name="Test" finished-at="2023-09-04T20:37:07 IST" duration-ms="6878">
      <class name="testPackage.Sel2">
        <test-method signature="execute()[pri:0, instance:testPackage.Sel2@72967906]" started-at="2023-09-04T20:37:00 IST" name="execute" finished-at="2023-09-04T20:37:07 IST" duration-ms="6783" status="PASS">
          <reporter-output>
          </reporter-output>
        </test-method> <!-- execute -->
      </class> <!-- testPackage.Sel2 -->
    </test> <!-- Test -->
  </suite> <!-- Suite -->
</testng-results>
