<?xml version="1.0" encoding="UTF-8"?>
<testng-results ignored="0" total="1" passed="1" failed="0" skipped="0">
  <reporter-output>
  </reporter-output>
  <suite started-at="2023-09-05T12:57:37 IST" name="Default suite" finished-at="2023-09-05T12:59:00 IST" duration-ms="82809">
    <groups>
    </groups>
    <test started-at="2023-09-05T12:57:37 IST" name="Default test" finished-at="2023-09-05T12:59:00 IST" duration-ms="82809">
      <class name="testPackage.Grid">
        <test-method signature="gridTest()[pri:0, instance:testPackage.Grid@1283bb96]" started-at="2023-09-05T12:57:37 IST" name="gridTest" finished-at="2023-09-05T12:58:59 IST" duration-ms="82341" status="PASS">
          <reporter-output>
          </reporter-output>
        </test-method> <!-- gridTest -->
      </class> <!-- testPackage.Grid -->
    </test> <!-- Default test -->
  </suite> <!-- Default suite -->
</testng-results>
